22:21:51.505 [main] INFO  c.e.d.SpringDemoApplication - [logStarting,51] -[]- Starting SpringDemoApplication using Java 19.0.1 with PID 19236 (C:\Users\chengk\IdeaProjects\demo\demo\target\classes started by chengk in C:\Users\chengk\IdeaProjects\demo\demo)
22:21:51.509 [main] INFO  c.e.d.SpringDemoApplication - [logStartupProfileInfo,644] -[]- The following 1 profile is active: "local"
22:21:52.176 [main] INFO  o.s.d.r.c.RepositoryConfigurationDelegate - [registerRepositoriesIn,138] -[]- Bootstrapping Spring Data MongoDB repositories in DEFAULT mode.
22:21:52.208 [main] INFO  o.s.d.r.c.RepositoryConfigurationDelegate - [registerRepositoriesIn,208] -[]- Finished Spring Data repository scanning in 27 ms. Found 0 MongoDB repository interfaces.
22:21:52.799 [main] INFO  o.s.b.w.e.t.TomcatWebServer - [initialize,108] -[]- Tomcat initialized with port(s): 8081 (http)
22:21:52.809 [main] INFO  o.a.c.h.Http11NioProtocol - [log,173] -[]- Initializing ProtocolHandler ["http-nio-8081"]
22:21:52.813 [main] INFO  o.a.c.c.StandardService - [log,173] -[]- Starting service [Tomcat]
22:21:52.813 [main] INFO  o.a.c.c.StandardEngine - [log,173] -[]- Starting Servlet engine: [Apache Tomcat/10.1.15]
22:21:52.907 [main] INFO  o.a.c.c.C.[.[.[/] - [log,173] -[]- Initializing Spring embedded WebApplicationContext
22:21:52.908 [main] INFO  o.s.b.w.s.c.ServletWebServerApplicationContext - [prepareWebApplicationContext,291] -[]- Root WebApplicationContext: initialization completed in 1331 ms
22:21:53.114 [main] INFO  o.m.driver.client - [info,71] -[]- MongoClient with metadata {"driver": {"name": "mongo-java-driver|sync|spring-boot", "version": "4.9.1"}, "os": {"type": "Windows", "name": "Windows 11", "architecture": "amd64", "version": "10.0"}, "platform": "Java/Oracle Corporation/19.0.1+10-21"} created with settings MongoClientSettings{readPreference=primary, writeConcern=WriteConcern{w=null, wTimeout=null ms, journal=null}, retryWrites=true, retryReads=true, readConcern=ReadConcern{level=null}, credential=MongoCredential{mechanism=null, userName='ck', source='order', password=<hidden>, mechanismProperties=<hidden>}, streamFactoryFactory=null, commandListeners=[], codecRegistry=ProvidersCodecRegistry{codecProviders=[ValueCodecProvider{}, BsonValueCodecProvider{}, DBRefCodecProvider{}, DBObjectCodecProvider{}, DocumentCodecProvider{}, CollectionCodecProvider{}, IterableCodecProvider{}, MapCodecProvider{}, GeoJsonCodecProvider{}, GridFSFileCodecProvider{}, Jsr310CodecProvider{}, JsonObjectCodecProvider{}, BsonCodecProvider{}, EnumCodecProvider{}, com.mongodb.client.model.mql.ExpressionCodecProvider@3135bf25, com.mongodb.Jep395RecordCodecProvider@22ad1bae]}, loggerSettings=LoggerSettings{maxDocumentLength=1000}, clusterSettings={hosts=[localhost:27017], srvServiceName=mongodb, mode=SINGLE, requiredClusterType=UNKNOWN, requiredReplicaSetName='null', serverSelector='null', clusterListeners='[]', serverSelectionTimeout='30000 ms', localThreshold='30000 ms'}, socketSettings=SocketSettings{connectTimeoutMS=10000, readTimeoutMS=0, receiveBufferSize=0, sendBufferSize=0}, heartbeatSocketSettings=SocketSettings{connectTimeoutMS=10000, readTimeoutMS=10000, receiveBufferSize=0, sendBufferSize=0}, connectionPoolSettings=ConnectionPoolSettings{maxSize=100, minSize=0, maxWaitTimeMS=120000, maxConnectionLifeTimeMS=0, maxConnectionIdleTimeMS=0, maintenanceInitialDelayMS=0, maintenanceFrequencyMS=60000, connectionPoolListeners=[], maxConnecting=2}, serverSettings=ServerSettings{heartbeatFrequencyMS=10000, minHeartbeatFrequencyMS=500, serverListeners='[]', serverMonitorListeners='[]'}, sslSettings=SslSettings{enabled=false, invalidHostNameAllowed=false, context=null}, applicationName='null', compressorList=[], uuidRepresentation=JAVA_LEGACY, serverApi=null, autoEncryptionSettings=null, contextProvider=null}
22:21:53.134 [cluster-ClusterId{value='65592af14281ce273c2b2015', description='null'}-localhost:27017] INFO  o.m.driver.cluster - [info,71] -[]- Monitor thread successfully connected to server with description ServerDescription{address=localhost:27017, type=STANDALONE, state=CONNECTED, ok=true, minWireVersion=0, maxWireVersion=17, maxDocumentSize=16777216, logicalSessionTimeoutMinutes=30, roundTripTimeNanos=20449300}
22:21:53.716 [main] INFO  o.a.c.h.Http11NioProtocol - [log,173] -[]- Starting ProtocolHandler ["http-nio-8081"]
22:21:53.737 [main] INFO  o.s.b.w.e.t.TomcatWebServer - [start,220] -[]- Tomcat started on port(s): 8081 (http) with context path ''
22:21:53.746 [main] INFO  c.e.d.SpringDemoApplication - [logStarted,57] -[]- Started SpringDemoApplication in 2.781 seconds (process running for 3.541)
22:22:03.576 [http-nio-8081-exec-1] INFO  o.a.c.c.C.[.[.[/] - [log,173] -[]- Initializing Spring DispatcherServlet 'dispatcherServlet'
22:22:03.577 [http-nio-8081-exec-1] INFO  o.s.w.s.DispatcherServlet - [initServletBean,532] -[]- Initializing Servlet 'dispatcherServlet'
22:22:03.580 [http-nio-8081-exec-1] INFO  o.s.w.s.DispatcherServlet - [initServletBean,554] -[]- Completed initialization in 2 ms
22:22:03.762 [http-nio-8081-exec-1] INFO  c.e.d.c.MemoryCache - [getObjectInCache,42] -[]- MemoryCache : getObjectInCache objectId=[2]
22:22:03.764 [http-nio-8081-exec-1] INFO  c.e.d.s.i.ObjectServiceImpl - [getObjectById,47] -[]- ObjectService : getObjectById : getFromDB -->: objectId=[2]
22:22:04.046 [http-nio-8081-exec-1] INFO  c.e.d.c.MemoryCache - [setObjectToCache,38] -[]- MemoryCache : setObjectToCache objectId=[2]
22:22:11.528 [http-nio-8081-exec-2] INFO  c.e.d.c.MemoryCache - [getObjectInCache,42] -[]- MemoryCache : getObjectInCache objectId=[2]
22:22:11.529 [http-nio-8081-exec-2] INFO  c.e.d.s.i.ObjectServiceImpl - [getObjectById,54] -[]- ObjectService : getObjectById : getFromCache -->: objectId=[2]
22:22:17.702 [http-nio-8081-exec-3] INFO  c.e.d.c.MemoryCache - [getObjectInCache,42] -[]- MemoryCache : getObjectInCache objectId=[2]
22:22:17.702 [http-nio-8081-exec-3] INFO  c.e.d.s.i.ObjectServiceImpl - [getObjectById,54] -[]- ObjectService : getObjectById : getFromCache -->: objectId=[2]
22:22:22.319 [http-nio-8081-exec-4] INFO  c.e.d.c.MemoryCache - [updateObjectInCache,48] -[]- MemoryCache : updateObjectInCache objectId=[1]
22:28:38.863 [com.example.demo.SpringDemoApplication.main()] INFO  c.e.d.SpringDemoApplication - [logStarting,51] -[]- Starting SpringDemoApplication using Java 19.0.1 with PID 54476 (C:\Users\chengk\IdeaProjects\demo\demo\target\classes started by chengk in C:\Users\chengk\IdeaProjects\demo\demo)
22:28:38.866 [com.example.demo.SpringDemoApplication.main()] INFO  c.e.d.SpringDemoApplication - [logStartupProfileInfo,644] -[]- The following 1 profile is active: "local"
22:28:39.460 [com.example.demo.SpringDemoApplication.main()] INFO  o.s.d.r.c.RepositoryConfigurationDelegate - [registerRepositoriesIn,138] -[]- Bootstrapping Spring Data MongoDB repositories in DEFAULT mode.
22:28:39.485 [com.example.demo.SpringDemoApplication.main()] INFO  o.s.d.r.c.RepositoryConfigurationDelegate - [registerRepositoriesIn,208] -[]- Finished Spring Data repository scanning in 17 ms. Found 0 MongoDB repository interfaces.
22:28:40.051 [com.example.demo.SpringDemoApplication.main()] INFO  o.s.b.w.e.t.TomcatWebServer - [initialize,108] -[]- Tomcat initialized with port(s): 8081 (http)
22:28:40.063 [com.example.demo.SpringDemoApplication.main()] INFO  o.a.c.h.Http11NioProtocol - [log,173] -[]- Initializing ProtocolHandler ["http-nio-8081"]
22:28:40.067 [com.example.demo.SpringDemoApplication.main()] INFO  o.a.c.c.StandardService - [log,173] -[]- Starting service [Tomcat]
22:28:40.068 [com.example.demo.SpringDemoApplication.main()] INFO  o.a.c.c.StandardEngine - [log,173] -[]- Starting Servlet engine: [Apache Tomcat/10.1.15]
22:28:40.179 [com.example.demo.SpringDemoApplication.main()] INFO  o.a.c.c.C.[.[.[/] - [log,173] -[]- Initializing Spring embedded WebApplicationContext
22:28:40.181 [com.example.demo.SpringDemoApplication.main()] INFO  o.s.b.w.s.c.ServletWebServerApplicationContext - [prepareWebApplicationContext,291] -[]- Root WebApplicationContext: initialization completed in 1261 ms
22:28:40.410 [com.example.demo.SpringDemoApplication.main()] INFO  o.m.driver.client - [info,71] -[]- MongoClient with metadata {"driver": {"name": "mongo-java-driver|sync|spring-boot", "version": "4.9.1"}, "os": {"type": "Windows", "name": "Windows 11", "architecture": "amd64", "version": "10.0"}, "platform": "Java/Oracle Corporation/19.0.1+10-21"} created with settings MongoClientSettings{readPreference=primary, writeConcern=WriteConcern{w=null, wTimeout=null ms, journal=null}, retryWrites=true, retryReads=true, readConcern=ReadConcern{level=null}, credential=MongoCredential{mechanism=null, userName='ck', source='order', password=<hidden>, mechanismProperties=<hidden>}, streamFactoryFactory=null, commandListeners=[], codecRegistry=ProvidersCodecRegistry{codecProviders=[ValueCodecProvider{}, BsonValueCodecProvider{}, DBRefCodecProvider{}, DBObjectCodecProvider{}, DocumentCodecProvider{}, CollectionCodecProvider{}, IterableCodecProvider{}, MapCodecProvider{}, GeoJsonCodecProvider{}, GridFSFileCodecProvider{}, Jsr310CodecProvider{}, JsonObjectCodecProvider{}, BsonCodecProvider{}, EnumCodecProvider{}, com.mongodb.client.model.mql.ExpressionCodecProvider@65d465de, com.mongodb.Jep395RecordCodecProvider@66711232]}, loggerSettings=LoggerSettings{maxDocumentLength=1000}, clusterSettings={hosts=[localhost:27017], srvServiceName=mongodb, mode=SINGLE, requiredClusterType=UNKNOWN, requiredReplicaSetName='null', serverSelector='null', clusterListeners='[]', serverSelectionTimeout='30000 ms', localThreshold='30000 ms'}, socketSettings=SocketSettings{connectTimeoutMS=10000, readTimeoutMS=0, receiveBufferSize=0, sendBufferSize=0}, heartbeatSocketSettings=SocketSettings{connectTimeoutMS=10000, readTimeoutMS=10000, receiveBufferSize=0, sendBufferSize=0}, connectionPoolSettings=ConnectionPoolSettings{maxSize=100, minSize=0, maxWaitTimeMS=120000, maxConnectionLifeTimeMS=0, maxConnectionIdleTimeMS=0, maintenanceInitialDelayMS=0, maintenanceFrequencyMS=60000, connectionPoolListeners=[], maxConnecting=2}, serverSettings=ServerSettings{heartbeatFrequencyMS=10000, minHeartbeatFrequencyMS=500, serverListeners='[]', serverMonitorListeners='[]'}, sslSettings=SslSettings{enabled=false, invalidHostNameAllowed=false, context=null}, applicationName='null', compressorList=[], uuidRepresentation=JAVA_LEGACY, serverApi=null, autoEncryptionSettings=null, contextProvider=null}
22:28:40.438 [cluster-ClusterId{value='65592c887201c12d4d5b27c6', description='null'}-localhost:27017] INFO  o.m.driver.cluster - [info,71] -[]- Monitor thread successfully connected to server with description ServerDescription{address=localhost:27017, type=STANDALONE, state=CONNECTED, ok=true, minWireVersion=0, maxWireVersion=17, maxDocumentSize=16777216, logicalSessionTimeoutMinutes=30, roundTripTimeNanos=20170200}
22:28:41.033 [com.example.demo.SpringDemoApplication.main()] INFO  o.a.c.h.Http11NioProtocol - [log,173] -[]- Starting ProtocolHandler ["http-nio-8081"]
22:28:41.059 [com.example.demo.SpringDemoApplication.main()] INFO  o.s.b.w.e.t.TomcatWebServer - [start,220] -[]- Tomcat started on port(s): 8081 (http) with context path ''
22:28:41.081 [com.example.demo.SpringDemoApplication.main()] INFO  c.e.d.SpringDemoApplication - [logStarted,57] -[]- Started SpringDemoApplication in 2.621 seconds (process running for 4.944)
22:28:57.653 [http-nio-8081-exec-1] INFO  o.a.c.c.C.[.[.[/] - [log,173] -[]- Initializing Spring DispatcherServlet 'dispatcherServlet'
22:28:57.653 [http-nio-8081-exec-1] INFO  o.s.w.s.DispatcherServlet - [initServletBean,532] -[]- Initializing Servlet 'dispatcherServlet'
22:28:57.654 [http-nio-8081-exec-1] INFO  o.s.w.s.DispatcherServlet - [initServletBean,554] -[]- Completed initialization in 0 ms
22:28:57.755 [http-nio-8081-exec-1] INFO  c.e.d.c.MemoryCache - [getObjectInCache,42] -[]- MemoryCache : getObjectInCache objectId=[2]
22:28:57.756 [http-nio-8081-exec-1] INFO  c.e.d.s.i.ObjectServiceImpl - [getObjectById,47] -[]- ObjectService : getObjectById : getFromDB -->: objectId=[2]
22:28:57.898 [http-nio-8081-exec-1] INFO  c.e.d.c.MemoryCache - [setObjectToCache,38] -[]- MemoryCache : setObjectToCache objectId=[2]
22:29:07.805 [http-nio-8081-exec-2] INFO  c.e.d.c.MemoryCache - [getObjectInCache,42] -[]- MemoryCache : getObjectInCache objectId=[3]
22:29:07.806 [http-nio-8081-exec-2] INFO  c.e.d.s.i.ObjectServiceImpl - [getObjectById,47] -[]- ObjectService : getObjectById : getFromDB -->: objectId=[3]
22:29:07.846 [http-nio-8081-exec-2] INFO  c.e.d.s.i.ObjectServiceImpl - [createObject,39] -[]- ObjectService : saveObject -->: object=[{"id":3,"name":"DummyObject1","objectItems":[{"itemId":301,"itemName":"Item1"},{"itemId":302,"itemName":"Item2"}]}]
